#-----------------------------------------------------------
# Vivado v2018.3 (64-bit)
# SW Build 2405991 on Thu Dec  6 23:38:27 MST 2018
# IP Build 2404404 on Fri Dec  7 01:43:56 MST 2018
# Start of session at: Tue Mar 12 17:57:28 2024
# Process ID: 4332
# Current directory: D:/Master/Para reordenar/CAB_lb1
# Command line: vivado.exe -gui_launcher_event rodinguilauncherevent13140 D:\Master\Para reordenar\CAB_lb1\CAB_lb1.xpr
# Log file: D:/Master/Para reordenar/CAB_lb1/vivado.log
# Journal file: D:/Master/Para reordenar/CAB_lb1\vivado.jou
#-----------------------------------------------------------
start_gui
open_project {D:/Master/Para reordenar/CAB_lb1/CAB_lb1.xpr}
Scanning sources...
Finished scanning sources
INFO: [IP_Flow 19-234] Refreshing IP repositories
INFO: [IP_Flow 19-1704] No user IP repositories specified
INFO: [IP_Flow 19-2313] Loaded Vivado IP repository 'C:/Xilinx/Vivado/2018.3/data/ip'.
WARNING: [BD 41-1661] One or more IPs have been locked in the design 'system.bd'. Please run report_ip_status for more details and recommendations on how to fix this issue.
List of locked IPs:
system_processing_system7_0_0

open_project: Time (s): cpu = 00:00:10 ; elapsed = 00:00:05 . Memory (MB): peak = 733.949 ; gain = 129.211
update_compile_order -fileset sources_1
open_bd_design {D:/Master/Para reordenar/CAB_lb1/CAB_lb1.srcs/sources_1/bd/system/system.bd}
Adding cell -- xilinx.com:ip:processing_system7:5.5 - processing_system7_0
Successfully read diagram <system> from BD file <D:/Master/Para reordenar/CAB_lb1/CAB_lb1.srcs/sources_1/bd/system/system.bd>
open_bd_design: Time (s): cpu = 00:00:08 ; elapsed = 00:00:06 . Memory (MB): peak = 853.074 ; gain = 65.836
report_ip_status -name ip_status 
upgrade_ip -vlnv xilinx.com:ip:processing_system7:5.5 [get_ips  system_processing_system7_0_0] -log ip_upgrade.log
Upgrading 'D:/Master/Para reordenar/CAB_lb1/CAB_lb1.srcs/sources_1/bd/system/system.bd'
INFO: [IP_Flow 19-3420] Updated system_processing_system7_0_0 to use current project options
Wrote  : <D:\Master\Para reordenar\CAB_lb1\CAB_lb1.srcs\sources_1\bd\system\system.bd> 
INFO: [Coretcl 2-1525] Wrote upgrade log to 'D:/Master/Para reordenar/CAB_lb1/ip_upgrade.log'.
upgrade_ip: Time (s): cpu = 00:00:07 ; elapsed = 00:00:10 . Memory (MB): peak = 919.871 ; gain = 47.051
export_ip_user_files -of_objects [get_ips system_processing_system7_0_0] -no_script -sync -force -quiet
report_ip_status -name ip_status 
WARNING: [IP_Flow 19-474] Invalid Parameter 'Component_Name'
save_project_as CAB_lab2 {D:/Master/Para reordenar/CAB_lab2} -force
save_project_as: Time (s): cpu = 00:00:02 ; elapsed = 00:00:17 . Memory (MB): peak = 959.590 ; gain = 0.000
WARNING: [IP_Flow 19-474] Invalid Parameter 'Component_Name'
WARNING: [IP_Flow 19-474] Invalid Parameter 'Component_Name'
exit
INFO: [Common 17-206] Exiting Vivado at Tue Mar 12 18:00:37 2024...
