17:45:59 INFO  : Registering command handlers for SDK TCF services
17:46:00 INFO  : Launching XSCT server: xsct.bat -interactive C:\Users\Docencia\CAB_lb1\CAB_lb1.sdk\temp_xsdb_launch_script.tcl
17:46:03 INFO  : XSCT server has started successfully.
17:46:06 INFO  : Successfully done setting XSCT server connection channel  
17:46:06 INFO  : Successfully done setting SDK workspace  
17:46:06 INFO  : Processing command line option -hwspec C:/Users/Docencia/CAB_lb1/CAB_lb1.sdk/system_wrapper.hdf.
17:52:23 INFO  : Connected to target on host '127.0.0.1' and port '3121'.
17:52:24 INFO  : Jtag cable 'Digilent Zed 210248B1878A' is selected.
17:52:24 INFO  : 'jtag frequency' command is executed.
17:52:24 INFO  : Sourcing of 'C:/Users/Docencia/CAB_lb1/CAB_lb1.sdk/system_wrapper_hw_platform_0/ps7_init.tcl' is done.
17:52:24 INFO  : Context for 'APU' is selected.
17:52:24 INFO  : Hardware design information is loaded from 'C:/Users/Docencia/CAB_lb1/CAB_lb1.sdk/system_wrapper_hw_platform_0/system.hdf'.
17:52:24 INFO  : 'configparams force-mem-access 1' command is executed.
17:52:24 INFO  : Context for 'APU' is selected.
17:52:24 INFO  : 'stop' command is executed.
17:52:24 INFO  : 'ps7_init' command is executed.
17:52:24 INFO  : 'ps7_post_config' command is executed.
17:52:24 INFO  : Context for processor 'ps7_cortexa9_0' is selected.
17:52:24 INFO  : Processor reset is completed for 'ps7_cortexa9_0'.
17:52:24 INFO  : Context for processor 'ps7_cortexa9_0' is selected.
17:52:25 INFO  : The application 'C:/Users/Docencia/CAB_lb1/CAB_lb1.sdk/mem_test/Debug/mem_test.elf' is downloaded to processor 'ps7_cortexa9_0'.
17:52:25 INFO  : 'configparams force-mem-access 0' command is executed.
17:52:25 INFO  : ----------------XSDB Script----------------
connect -url tcp:127.0.0.1:3121
source C:/Users/Docencia/CAB_lb1/CAB_lb1.sdk/system_wrapper_hw_platform_0/ps7_init.tcl
targets -set -nocase -filter {name =~"APU*" && jtag_cable_name =~ "Digilent Zed 210248B1878A"} -index 0
loadhw -hw C:/Users/Docencia/CAB_lb1/CAB_lb1.sdk/system_wrapper_hw_platform_0/system.hdf -mem-ranges [list {0x40000000 0xbfffffff}]
configparams force-mem-access 1
targets -set -nocase -filter {name =~"APU*" && jtag_cable_name =~ "Digilent Zed 210248B1878A"} -index 0
stop
ps7_init
ps7_post_config
targets -set -nocase -filter {name =~ "ARM*#0" && jtag_cable_name =~ "Digilent Zed 210248B1878A"} -index 0
rst -processor
targets -set -nocase -filter {name =~ "ARM*#0" && jtag_cable_name =~ "Digilent Zed 210248B1878A"} -index 0
dow C:/Users/Docencia/CAB_lb1/CAB_lb1.sdk/mem_test/Debug/mem_test.elf
configparams force-mem-access 0
----------------End of Script----------------

17:52:25 INFO  : Context for processor 'ps7_cortexa9_0' is selected.
17:52:25 INFO  : 'con' command is executed.
17:52:25 INFO  : ----------------XSDB Script (After Launch)----------------
targets -set -nocase -filter {name =~ "ARM*#0" && jtag_cable_name =~ "Digilent Zed 210248B1878A"} -index 0
con
----------------End of Script----------------

17:52:25 INFO  : Launch script is exported to file 'C:\Users\Docencia\CAB_lb1\CAB_lb1.sdk\.sdk\launch_scripts\xilinx_c-c++_application_(system_debugger)\system_debugger_using_debug_mem_test.elf_on_local.tcl'
17:52:55 INFO  : Disconnected from the channel tcfchan#1.
17:52:56 INFO  : Connected to target on host '127.0.0.1' and port '3121'.
17:52:56 INFO  : Jtag cable 'Digilent Zed 210248B1878A' is selected.
17:52:56 INFO  : 'jtag frequency' command is executed.
17:52:56 INFO  : Sourcing of 'C:/Users/Docencia/CAB_lb1/CAB_lb1.sdk/system_wrapper_hw_platform_0/ps7_init.tcl' is done.
17:52:56 INFO  : Context for 'APU' is selected.
17:52:57 INFO  : Hardware design information is loaded from 'C:/Users/Docencia/CAB_lb1/CAB_lb1.sdk/system_wrapper_hw_platform_0/system.hdf'.
17:52:57 INFO  : 'configparams force-mem-access 1' command is executed.
17:52:57 INFO  : Context for 'APU' is selected.
17:52:57 INFO  : 'stop' command is executed.
17:52:57 INFO  : 'ps7_init' command is executed.
17:52:57 INFO  : 'ps7_post_config' command is executed.
17:52:57 INFO  : Context for processor 'ps7_cortexa9_0' is selected.
17:52:57 INFO  : Processor reset is completed for 'ps7_cortexa9_0'.
17:52:57 INFO  : Context for processor 'ps7_cortexa9_0' is selected.
17:52:57 INFO  : The application 'C:/Users/Docencia/CAB_lb1/CAB_lb1.sdk/mem_test/Debug/mem_test.elf' is downloaded to processor 'ps7_cortexa9_0'.
17:52:57 INFO  : 'configparams force-mem-access 0' command is executed.
17:52:57 INFO  : ----------------XSDB Script----------------
connect -url tcp:127.0.0.1:3121
source C:/Users/Docencia/CAB_lb1/CAB_lb1.sdk/system_wrapper_hw_platform_0/ps7_init.tcl
targets -set -nocase -filter {name =~"APU*" && jtag_cable_name =~ "Digilent Zed 210248B1878A"} -index 0
loadhw -hw C:/Users/Docencia/CAB_lb1/CAB_lb1.sdk/system_wrapper_hw_platform_0/system.hdf -mem-ranges [list {0x40000000 0xbfffffff}]
configparams force-mem-access 1
targets -set -nocase -filter {name =~"APU*" && jtag_cable_name =~ "Digilent Zed 210248B1878A"} -index 0
stop
ps7_init
ps7_post_config
targets -set -nocase -filter {name =~ "ARM*#0" && jtag_cable_name =~ "Digilent Zed 210248B1878A"} -index 0
rst -processor
targets -set -nocase -filter {name =~ "ARM*#0" && jtag_cable_name =~ "Digilent Zed 210248B1878A"} -index 0
dow C:/Users/Docencia/CAB_lb1/CAB_lb1.sdk/mem_test/Debug/mem_test.elf
configparams force-mem-access 0
----------------End of Script----------------

17:52:57 INFO  : Context for processor 'ps7_cortexa9_0' is selected.
17:52:57 INFO  : 'con' command is executed.
17:52:57 INFO  : ----------------XSDB Script (After Launch)----------------
targets -set -nocase -filter {name =~ "ARM*#0" && jtag_cable_name =~ "Digilent Zed 210248B1878A"} -index 0
con
----------------End of Script----------------

17:52:57 INFO  : Launch script is exported to file 'C:\Users\Docencia\CAB_lb1\CAB_lb1.sdk\.sdk\launch_scripts\xilinx_c-c++_application_(system_debugger)\system_debugger_using_debug_mem_test.elf_on_local.tcl'
17:53:12 INFO  : Connected to target on host '127.0.0.1' and port '3121'.
17:53:12 INFO  : Jtag cable 'Digilent Zed 210248B1878A' is selected.
17:53:12 INFO  : 'jtag frequency' command is executed.
17:53:12 INFO  : Sourcing of 'C:/Users/Docencia/CAB_lb1/CAB_lb1.sdk/system_wrapper_hw_platform_0/ps7_init.tcl' is done.
17:53:12 INFO  : Context for 'APU' is selected.
17:53:12 INFO  : Hardware design information is loaded from 'C:/Users/Docencia/CAB_lb1/CAB_lb1.sdk/system_wrapper_hw_platform_0/system.hdf'.
17:53:12 INFO  : 'configparams force-mem-access 1' command is executed.
17:53:12 INFO  : Context for 'APU' is selected.
17:53:12 INFO  : 'stop' command is executed.
17:53:13 INFO  : 'ps7_init' command is executed.
17:53:13 INFO  : 'ps7_post_config' command is executed.
17:53:13 INFO  : Context for processor 'ps7_cortexa9_0' is selected.
17:53:13 INFO  : Processor reset is completed for 'ps7_cortexa9_0'.
17:53:13 INFO  : Context for processor 'ps7_cortexa9_0' is selected.
17:53:13 INFO  : The application 'C:/Users/Docencia/CAB_lb1/CAB_lb1.sdk/mem_test/Debug/mem_test.elf' is downloaded to processor 'ps7_cortexa9_0'.
17:53:13 INFO  : 'configparams force-mem-access 0' command is executed.
17:53:13 INFO  : ----------------XSDB Script----------------
connect -url tcp:127.0.0.1:3121
source C:/Users/Docencia/CAB_lb1/CAB_lb1.sdk/system_wrapper_hw_platform_0/ps7_init.tcl
targets -set -nocase -filter {name =~"APU*" && jtag_cable_name =~ "Digilent Zed 210248B1878A"} -index 0
loadhw -hw C:/Users/Docencia/CAB_lb1/CAB_lb1.sdk/system_wrapper_hw_platform_0/system.hdf -mem-ranges [list {0x40000000 0xbfffffff}]
configparams force-mem-access 1
targets -set -nocase -filter {name =~"APU*" && jtag_cable_name =~ "Digilent Zed 210248B1878A"} -index 0
stop
ps7_init
ps7_post_config
targets -set -nocase -filter {name =~ "ARM*#0" && jtag_cable_name =~ "Digilent Zed 210248B1878A"} -index 0
rst -processor
targets -set -nocase -filter {name =~ "ARM*#0" && jtag_cable_name =~ "Digilent Zed 210248B1878A"} -index 0
dow C:/Users/Docencia/CAB_lb1/CAB_lb1.sdk/mem_test/Debug/mem_test.elf
configparams force-mem-access 0
----------------End of Script----------------

17:53:13 INFO  : Context for processor 'ps7_cortexa9_0' is selected.
17:53:13 INFO  : 'con' command is executed.
17:53:13 INFO  : ----------------XSDB Script (After Launch)----------------
targets -set -nocase -filter {name =~ "ARM*#0" && jtag_cable_name =~ "Digilent Zed 210248B1878A"} -index 0
con
----------------End of Script----------------

17:53:13 INFO  : Disconnected from the channel tcfchan#2.
17:54:38 INFO  : Connected to target on host '127.0.0.1' and port '3121'.
17:54:38 INFO  : Jtag cable 'Digilent Zed 210248B1878A' is selected.
17:54:38 INFO  : 'jtag frequency' command is executed.
17:54:38 INFO  : Sourcing of 'C:/Users/Docencia/CAB_lb1/CAB_lb1.sdk/system_wrapper_hw_platform_0/ps7_init.tcl' is done.
17:54:38 INFO  : Context for 'APU' is selected.
17:54:38 INFO  : Hardware design information is loaded from 'C:/Users/Docencia/CAB_lb1/CAB_lb1.sdk/system_wrapper_hw_platform_0/system.hdf'.
17:54:38 INFO  : 'configparams force-mem-access 1' command is executed.
17:54:38 INFO  : Context for 'APU' is selected.
17:54:38 INFO  : 'stop' command is executed.
17:54:38 INFO  : 'ps7_init' command is executed.
17:54:38 INFO  : 'ps7_post_config' command is executed.
17:54:38 INFO  : Context for processor 'ps7_cortexa9_0' is selected.
17:54:38 INFO  : Processor reset is completed for 'ps7_cortexa9_0'.
17:54:38 INFO  : Context for processor 'ps7_cortexa9_0' is selected.
17:54:38 INFO  : The application 'C:/Users/Docencia/CAB_lb1/CAB_lb1.sdk/mem_test/Debug/mem_test.elf' is downloaded to processor 'ps7_cortexa9_0'.
17:54:38 INFO  : 'configparams force-mem-access 0' command is executed.
17:54:38 INFO  : ----------------XSDB Script----------------
connect -url tcp:127.0.0.1:3121
source C:/Users/Docencia/CAB_lb1/CAB_lb1.sdk/system_wrapper_hw_platform_0/ps7_init.tcl
targets -set -nocase -filter {name =~"APU*" && jtag_cable_name =~ "Digilent Zed 210248B1878A"} -index 0
loadhw -hw C:/Users/Docencia/CAB_lb1/CAB_lb1.sdk/system_wrapper_hw_platform_0/system.hdf -mem-ranges [list {0x40000000 0xbfffffff}]
configparams force-mem-access 1
targets -set -nocase -filter {name =~"APU*" && jtag_cable_name =~ "Digilent Zed 210248B1878A"} -index 0
stop
ps7_init
ps7_post_config
targets -set -nocase -filter {name =~ "ARM*#0" && jtag_cable_name =~ "Digilent Zed 210248B1878A"} -index 0
rst -processor
targets -set -nocase -filter {name =~ "ARM*#0" && jtag_cable_name =~ "Digilent Zed 210248B1878A"} -index 0
dow C:/Users/Docencia/CAB_lb1/CAB_lb1.sdk/mem_test/Debug/mem_test.elf
configparams force-mem-access 0
----------------End of Script----------------

17:54:39 INFO  : Context for processor 'ps7_cortexa9_0' is selected.
17:54:39 INFO  : 'con' command is executed.
17:54:39 INFO  : ----------------XSDB Script (After Launch)----------------
targets -set -nocase -filter {name =~ "ARM*#0" && jtag_cable_name =~ "Digilent Zed 210248B1878A"} -index 0
con
----------------End of Script----------------

17:54:39 INFO  : Disconnected from the channel tcfchan#3.
17:54:56 INFO  : Connected to target on host '127.0.0.1' and port '3121'.
17:54:56 INFO  : Jtag cable 'Digilent Zed 210248B1878A' is selected.
17:54:56 INFO  : 'jtag frequency' command is executed.
17:54:56 INFO  : Sourcing of 'C:/Users/Docencia/CAB_lb1/CAB_lb1.sdk/system_wrapper_hw_platform_0/ps7_init.tcl' is done.
17:54:56 INFO  : Context for 'APU' is selected.
17:54:56 INFO  : Hardware design information is loaded from 'C:/Users/Docencia/CAB_lb1/CAB_lb1.sdk/system_wrapper_hw_platform_0/system.hdf'.
17:54:56 INFO  : 'configparams force-mem-access 1' command is executed.
17:54:56 INFO  : Context for 'APU' is selected.
17:54:56 INFO  : 'stop' command is executed.
17:54:56 INFO  : 'ps7_init' command is executed.
17:54:56 INFO  : 'ps7_post_config' command is executed.
17:54:56 INFO  : Context for processor 'ps7_cortexa9_0' is selected.
17:54:56 INFO  : Processor reset is completed for 'ps7_cortexa9_0'.
17:54:56 INFO  : Context for processor 'ps7_cortexa9_0' is selected.
17:54:56 INFO  : The application 'C:/Users/Docencia/CAB_lb1/CAB_lb1.sdk/mem_test/Debug/mem_test.elf' is downloaded to processor 'ps7_cortexa9_0'.
17:54:56 INFO  : 'configparams force-mem-access 0' command is executed.
17:54:56 INFO  : ----------------XSDB Script----------------
connect -url tcp:127.0.0.1:3121
source C:/Users/Docencia/CAB_lb1/CAB_lb1.sdk/system_wrapper_hw_platform_0/ps7_init.tcl
targets -set -nocase -filter {name =~"APU*" && jtag_cable_name =~ "Digilent Zed 210248B1878A"} -index 0
loadhw -hw C:/Users/Docencia/CAB_lb1/CAB_lb1.sdk/system_wrapper_hw_platform_0/system.hdf -mem-ranges [list {0x40000000 0xbfffffff}]
configparams force-mem-access 1
targets -set -nocase -filter {name =~"APU*" && jtag_cable_name =~ "Digilent Zed 210248B1878A"} -index 0
stop
ps7_init
ps7_post_config
targets -set -nocase -filter {name =~ "ARM*#0" && jtag_cable_name =~ "Digilent Zed 210248B1878A"} -index 0
rst -processor
targets -set -nocase -filter {name =~ "ARM*#0" && jtag_cable_name =~ "Digilent Zed 210248B1878A"} -index 0
dow C:/Users/Docencia/CAB_lb1/CAB_lb1.sdk/mem_test/Debug/mem_test.elf
configparams force-mem-access 0
----------------End of Script----------------

17:54:56 INFO  : Context for processor 'ps7_cortexa9_0' is selected.
17:54:56 INFO  : 'con' command is executed.
17:54:56 INFO  : ----------------XSDB Script (After Launch)----------------
targets -set -nocase -filter {name =~ "ARM*#0" && jtag_cable_name =~ "Digilent Zed 210248B1878A"} -index 0
con
----------------End of Script----------------

17:54:56 INFO  : Disconnected from the channel tcfchan#4.
